			PBCompiler Report: 10/11/2012 2:08:37

Argument List for Sybase.PowerBuilder.Compiler:
	/t:wpf
	/pbt:"C:\Mis Fuentes\ICarDMSWeb\WebAPI\WebAPI.PB\WebAPI.Proxy.pbtx"
	/o:"C:\Mis Fuentes\ICarDMSWeb\WebAPI\WebAPI.PB\out"
	/doc:"C:\Mis Fuentes\ICarDMSWeb\WebAPI\WebAPI.PB\out\ICarDMSWeb.Proxy.xml"
	/debug:+
	/debugsymbol:+
	/cls:-
	/r:"C:\Mis Fuentes\ICarDMSWeb\bin\Release\ICarDMSWeb.Interface.dll";"C:\Windows\Microsoft.Net\assembly\GAC_32\PresentationCore\v4.0_4.0.0.0__31bf3856ad364e35\PresentationCore.dll";"C:\Program Files\Sybase\PowerBuilder 12.5\\DotNET\bin\Sybase.PowerBuilder.WCF.Runtime.dll"
	/dash:-
	/Trace:57
	/rebuild:full
	/nvo:"C:\Mis Fuentes\ICarDMSWeb\WebAPI\WebAPI.PB\out\nvo.txt"
	/nvons:"ICarDMS.Proxy.PB"
	/nvodll:"ICarDMSWeb.Proxy.dll"
	/null:-
	/NoUFWarn:-
	/platform:AnyCPU

IPBCompiler.Report() output:
n_webapiproxy,n_webapiproxy,execute:QCicardms.interface.ipbproxy.,execute,,
Type-checking (pass 1) system (system)
Parsing c:\mis fuentes\icardmsweb\webapi\webapi.pb\webapiproxy.pbl\webapiproxy.pblx (n_webapiproxy)
Parsing c:\mis fuentes\icardmsweb\webapi\webapi.pb\webapiproxy.pbl\webapiproxy.pblx (webapiproxy_app)
Type-checking (pass 1) c:\mis fuentes\icardmsweb\webapi\webapi.pb\webapiproxy.pbl\webapiproxy.pblx (n_webapiproxy)
Type-checking (pass 1) c:\mis fuentes\icardmsweb\webapi\webapi.pb\webapiproxy.pbl\webapiproxy.pblx (webapiproxy_app)
Type-checking (pass 1) c:\mis fuentes\icardmsweb\webapi\webapi.pb\webapiproxy.pbl\webapiproxy.pblx (n_webapiproxy)
Type-checking (pass 1) c:\mis fuentes\icardmsweb\webapi\webapi.pb\webapiproxy.pbl\webapiproxy.pblx (webapiproxy_app)
Type-checking (pass 1) c:\mis fuentes\icardmsweb\webapi\webapi.pb\webapiproxy.pbl\webapiproxy.pblx (n_webapiproxy)
Type-checking (pass 1) c:\mis fuentes\icardmsweb\webapi\webapi.pb\webapiproxy.pbl\webapiproxy.pblx (webapiproxy_app)
Type-checking prototypes/instance variables(pass 2) 
Type-checking prototypes/instance variables(pass 2) 
Type-checking methods(pass 2) c:\mis fuentes\icardmsweb\webapi\webapi.pb\webapiproxy.pbl\webapiproxy.pblx (n_webapiproxy)
Type-checking methods(pass 2) c:\mis fuentes\icardmsweb\webapi\webapi.pb\webapiproxy.pbl\webapiproxy.pblx (webapiproxy_app)
Emitting c:\mis fuentes\icardmsweb\webapi\webapi.pb\webapiproxy.pbl\webapiproxy.pblx (webapiproxy_app)
Emitting c:\mis fuentes\icardmsweb\webapi\webapi.pb\webapiproxy.pbl\webapiproxy.pblx (n_webapiproxy)
Emitting c:\mis fuentes\icardmsweb\webapi\webapi.pb\webapiproxy.pbl\webapiproxy.pblx (webapiproxy_app)
Emitting c:\mis fuentes\icardmsweb\webapi\webapi.pb\webapiproxy.pbl\webapiproxy.pblx (n_webapiproxy)
Emitting c:\mis fuentes\icardmsweb\webapi\webapi.pb\webapiproxy.pbl\webapiproxy.pblx (webapiproxy_app)
Emitting c:\mis fuentes\icardmsweb\webapi\webapi.pb\webapiproxy.pbl\webapiproxy.pblx (n_webapiproxy)

